[2026-03-14 17:05:13] [INFO ] [Thread 139718885214144] [Registry] Registered Kernel: Op[0x6] on Dev[0x1]
[2026-03-14 17:05:13] [INFO ] [Thread 139718885214144] [Registry] Registered Kernel: Op[0x1] on Dev[0x1]
[2026-03-14 17:05:13] [INFO ] [Thread 139718885214144] [Registry] Registered Kernel: Op[0x4] on Dev[0x1]
[2026-03-14 17:05:13] [INFO ] [Thread 139718885214144] [Registry] Registered Kernel: Op[0x3] on Dev[0x1]
[2026-03-14 17:05:13] [INFO ] [Thread 139718885214144] [Registry] Registered Kernel: Op[0x5] on Dev[0x1]
[2026-03-14 17:05:13] [INFO ] [Thread 139718885214144] [Registry] Registered Kernel: Op[0x2] on Dev[0x1]
[2026-03-14 17:05:13] [INFO ] [Thread 139718885214144] [Registry] Registered Kernel: Op[0x7] on Dev[0x1]
[2026-03-14 17:05:13] [INFO ] [Thread 139718885214144] [Registry] Registered Kernel: Op[0x8] on Dev[0x1]
[2026-03-14 17:05:13] [INFO ] [Thread 139718885214144] [Registry] Registered Kernel: Op[0x9] on Dev[0x1]
[2026-03-14 17:05:13] [INFO ] [Thread 139718885214144] [Registry] Registered Kernel: Op[0xa] on Dev[0x1]
[2026-03-14 17:05:13] [INFO ] [Thread 139718885214144] [Registry] Registered Kernel: Op[0xb] on Dev[0x1]
[2026-03-14 17:05:13] [INFO ] [Thread 139718885214144] [Registry] Registered Kernel: Op[0xc] on Dev[0x1]
[2026-03-14 17:05:13] [INFO ] [Thread 139718885214144] [Registry] Registered Kernel: Op[0xd] on Dev[0x1]
[2026-03-14 17:05:13] [INFO ] [Thread 139718885214144] [Registry] Registered Kernel: Op[0xe] on Dev[0x1]
[2026-03-14 17:05:13] [INFO ] [Thread 139718885214144] [Registry] Registered Kernel: Op[0x15] on Dev[0x1]
[2026-03-14 17:05:13] [INFO ] [Thread 139718885214144] [Registry] Registered Kernel: Op[0xf] on Dev[0x1]
[2026-03-14 17:05:13] [INFO ] [Thread 139718885214144] [Registry] Registered Kernel: Op[0x10] on Dev[0x1]
[2026-03-14 17:05:13] [INFO ] [Thread 139718885214144] [Registry] Registered Kernel: Op[0x11] on Dev[0x1]
[2026-03-14 17:05:13] [INFO ] [Thread 139718885214144] [Registry] Registered Kernel: Op[0x12] on Dev[0x1]
[2026-03-14 17:05:13] [INFO ] [Thread 139718885214144] [Registry] Registered Kernel: Op[0x13] on Dev[0x1]
[2026-03-14 17:05:13] [INFO ] [Thread 139718885214144] [Registry] Registered Kernel: Op[0x14] on Dev[0x1]
[2026-03-14 17:05:13] [INFO ] [Thread 139718885214144] PHASE 1
[2026-03-14 17:05:13] [DEBUG] [Thread 139718885214144] [CPU Allocator] Allocated Memory: fulfilled the requested 10016 B. 
[2026-03-14 17:05:13] [INFO ] [Thread 139718885214144] [Storage] Storage Alloc: 10016 B on Hardware[1]
[2026-03-14 17:05:13] [INFO ] [Thread 139718885214144] New {Jade<"3D", 64-bit; 10016Bytes> (10,10,10)} Filled with 0.000000's.
[2026-03-14 17:05:13] [DEBUG] [Thread 139718885214144] [CPU Allocator] Allocated Memory: fulfilled the requested 32 B. 
[2026-03-14 17:05:13] [INFO ] [Thread 139718885214144] [Storage] Storage Alloc: 32 B on Hardware[1]
[2026-03-14 17:05:13] [INFO ] [Thread 139718885214144] New {Jade<"1D", 64-bit; 32Bytes> (1)} Filled with 0.000000's.
[2026-03-14 17:05:13] [DEBUG] [Thread 139718885214144] [Dispatcher] Executed Unary Reduction Reaction: OpCode=0x10
[2026-03-14 17:05:13] [DEBUG] [Thread 139718885214144] [CPU Allocator] Deallocated Memory.
[2026-03-14 17:05:13] [INFO ] [Thread 139718885214144] [Storage] Storage Freed. 0B
[2026-03-14 17:05:13] [DEBUG] [Thread 139718885214144] [CPU Allocator] Allocated Memory: fulfilled the requested 256 B. 
[2026-03-14 17:05:13] [INFO ] [Thread 139718885214144] [Storage] Storage Alloc: 256 B on Hardware[1]
[2026-03-14 17:05:13] [DEBUG] [Thread 139718885214144] [Scalar Reactor] Shape (5, 5) --> Shape (25).

[2026-03-14 17:05:13] [INFO ] [Thread 139718885214144] [Scalar Reactor] New ndims: 1.
[2026-03-14 17:05:13] [INFO ] [Thread 139718885214144] [Scalar Reactor] Saved Reactor Settings Successfully.
[2026-03-14 17:05:13] [DEBUG] [Thread 139718885214144] [Dispatcher] Executed Scalar Reaction: OpCode=0x5
[2026-03-14 17:05:13] [INFO ] [Thread 139718885214144] New {Jade<"2D", 64-bit; 256Bytes> (5,5)} Filled with 1.000000's.
[2026-03-14 17:05:13] [DEBUG] [Thread 139718885214144] [CPU Allocator] Allocated Memory: fulfilled the requested 32 B. 
[2026-03-14 17:05:13] [INFO ] [Thread 139718885214144] [Storage] Storage Alloc: 32 B on Hardware[1]
[2026-03-14 17:05:13] [INFO ] [Thread 139718885214144] New {Jade<"1D", 64-bit; 32Bytes> (1)} Filled with 0.000000's.
[2026-03-14 17:05:13] [DEBUG] [Thread 139718885214144] [Dispatcher] Executed Unary Reduction Reaction: OpCode=0xf
[2026-03-14 17:05:13] [DEBUG] [Thread 139718885214144] [CPU Allocator] Deallocated Memory.
[2026-03-14 17:05:13] [INFO ] [Thread 139718885214144] [Storage] Storage Freed. 0B
[2026-03-14 17:05:13] [DEBUG] [Thread 139718885214144] [CPU Allocator] Allocated Memory: fulfilled the requested 512 B. 
[2026-03-14 17:05:13] [INFO ] [Thread 139718885214144] [Storage] Storage Alloc: 512 B on Hardware[1]
[2026-03-14 17:05:13] [INFO ] [Thread 139718885214144] New {Jade<"1D", 64-bit; 512Bytes> (50)} Filled with 0.000000's.
[2026-03-14 17:05:13] [DEBUG] [Thread 139718885214144] [Unary Reactor] Shape (50) --> Shape (50).

[2026-03-14 17:05:13] [INFO ] [Thread 139718885214144] [Unary Reactor] New ndims: 1.
[2026-03-14 17:05:13] [INFO ] [Thread 139718885214144] [Unary Reactor] Saved Reactor Settings Successfully.
[2026-03-14 17:05:13] [DEBUG] [Thread 139718885214144] [Dispatcher] Executed Unary Reaction: OpCode=0xd
[2026-03-14 17:05:13] [DEBUG] [Thread 139718885214144] [CPU Allocator] Allocated Memory: fulfilled the requested 100000 B. 
[2026-03-14 17:05:13] [INFO ] [Thread 139718885214144] [Storage] Storage Alloc: 100000 B on Hardware[1]
[2026-03-14 17:05:13] [INFO ] [Thread 139718885214144] New {Jade<"2D", 64-bit; 100000Bytes> (100,100)} Filled with 0.000000's.
[2026-03-14 17:05:13] [DEBUG] [Thread 139718885214144] [CPU Allocator] Allocated Memory: fulfilled the requested 25024 B. 
[2026-03-14 17:05:13] [INFO ] [Thread 139718885214144] [Storage] Storage Alloc: 25024 B on Hardware[1]
[2026-03-14 17:05:13] [INFO ] [Thread 139718885214144] New {Jade<"2D", 64-bit; 25024Bytes> (50,50)} Filled with 0.000000's.
[2026-03-14 17:05:13] [DEBUG] [Thread 139718885214144] [CPU Allocator] Allocated Memory: fulfilled the requested 32 B. 
[2026-03-14 17:05:13] [INFO ] [Thread 139718885214144] [Storage] Storage Alloc: 32 B on Hardware[1]
[2026-03-14 17:05:13] [INFO ] [Thread 139718885214144] New {Jade<"1D", 64-bit; 32Bytes> (1)} Filled with 0.000000's.
[2026-03-14 17:05:13] [DEBUG] [Thread 139718885214144] [Dispatcher] Executed Unary Reduction Reaction: OpCode=0x10
[2026-03-14 17:05:13] [DEBUG] [Thread 139718885214144] [CPU Allocator] Deallocated Memory.
[2026-03-14 17:05:13] [INFO ] [Thread 139718885214144] [Storage] Storage Freed. 0B
[2026-03-14 17:05:13] [DEBUG] [Thread 139718885214144] [CPU Allocator] Allocated Memory: fulfilled the requested 32 B. 
[2026-03-14 17:05:13] [INFO ] [Thread 139718885214144] [Storage] Storage Alloc: 32 B on Hardware[1]
[2026-03-14 17:05:13] [INFO ] [Thread 139718885214144] New {Jade<"1D", 64-bit; 32Bytes> (1)} Filled with 0.000000's.
[2026-03-14 17:05:13] [DEBUG] [Thread 139718885214144] [Dispatcher] Executed Unary Reduction Reaction: OpCode=0x11
[2026-03-14 17:05:13] [DEBUG] [Thread 139718885214144] [CPU Allocator] Deallocated Memory.
[2026-03-14 17:05:13] [INFO ] [Thread 139718885214144] [Storage] Storage Freed. 0B
[2026-03-14 17:05:13] [DEBUG] [Thread 139718885214144] [CPU Allocator] Allocated Memory: fulfilled the requested 10016 B. 
[2026-03-14 17:05:13] [INFO ] [Thread 139718885214144] [Storage] Storage Alloc: 10016 B on Hardware[1]
[2026-03-14 17:05:13] [INFO ] [Thread 139718885214144] New {Jade<"1D", 64-bit; 10016Bytes> (1000)} Filled with 0.000000's.
[2026-03-14 17:05:13] [DEBUG] [Thread 139718885214144] [CPU Allocator] Allocated Memory: fulfilled the requested 32 B. 
[2026-03-14 17:05:13] [INFO ] [Thread 139718885214144] [Storage] Storage Alloc: 32 B on Hardware[1]
[2026-03-14 17:05:13] [INFO ] [Thread 139718885214144] New {Jade<"1D", 64-bit; 32Bytes> (1)} Filled with 0.000000's.
[2026-03-14 17:05:13] [DEBUG] [Thread 139718885214144] [Dispatcher] Executed Unary Reduction Reaction: OpCode=0x10
[2026-03-14 17:05:13] [DEBUG] [Thread 139718885214144] [CPU Allocator] Deallocated Memory.
[2026-03-14 17:05:13] [INFO ] [Thread 139718885214144] [Storage] Storage Freed. 0B
[2026-03-14 17:05:13] [DEBUG] [Thread 139718885214144] [CPU Allocator] Allocated Memory: fulfilled the requested 32 B. 
[2026-03-14 17:05:13] [INFO ] [Thread 139718885214144] [Storage] Storage Alloc: 32 B on Hardware[1]
[2026-03-14 17:05:13] [INFO ] [Thread 139718885214144] New {Jade<"1D", 64-bit; 32Bytes> (1)} Filled with 0.000000's.
[2026-03-14 17:05:13] [DEBUG] [Thread 139718885214144] [Dispatcher] Executed Unary Reduction Reaction: OpCode=0x11
[2026-03-14 17:05:13] [DEBUG] [Thread 139718885214144] [CPU Allocator] Deallocated Memory.
[2026-03-14 17:05:13] [INFO ] [Thread 139718885214144] [Storage] Storage Freed. 0B
[2026-03-14 17:05:13] [DEBUG] [Thread 139718885214144] [CPU Allocator] Allocated Memory: fulfilled the requested 160 B. 
[2026-03-14 17:05:13] [INFO ] [Thread 139718885214144] [Storage] Storage Alloc: 160 B on Hardware[1]
[2026-03-14 17:05:13] [DEBUG] [Thread 139718885214144] [Scalar Reactor] Shape (4, 4) --> Shape (16).

[2026-03-14 17:05:13] [INFO ] [Thread 139718885214144] [Scalar Reactor] New ndims: 1.
[2026-03-14 17:05:13] [INFO ] [Thread 139718885214144] [Scalar Reactor] Saved Reactor Settings Successfully.
[2026-03-14 17:05:13] [DEBUG] [Thread 139718885214144] [Dispatcher] Executed Scalar Reaction: OpCode=0x5
[2026-03-14 17:05:13] [INFO ] [Thread 139718885214144] New {Jade<"2D", 64-bit; 160Bytes> (4,4)} Filled with 7.500000's.
[2026-03-14 17:05:13] [DEBUG] [Thread 139718885214144] [CPU Allocator] Allocated Memory: fulfilled the requested 32 B. 
[2026-03-14 17:05:13] [INFO ] [Thread 139718885214144] [Storage] Storage Alloc: 32 B on Hardware[1]
[2026-03-14 17:05:13] [INFO ] [Thread 139718885214144] New {Jade<"1D", 64-bit; 32Bytes> (1)} Filled with 0.000000's.
[2026-03-14 17:05:13] [DEBUG] [Thread 139718885214144] [Dispatcher] Executed Unary Reduction Reaction: OpCode=0xf
[2026-03-14 17:05:13] [DEBUG] [Thread 139718885214144] [CPU Allocator] Deallocated Memory.
[2026-03-14 17:05:13] [INFO ] [Thread 139718885214144] [Storage] Storage Freed. 0B
[2026-03-14 17:05:13] [DEBUG] [Thread 139718885214144] [CPU Allocator] Allocated Memory: fulfilled the requested 25024 B. 
[2026-03-14 17:05:13] [INFO ] [Thread 139718885214144] [Storage] Storage Alloc: 25024 B on Hardware[1]
[2026-03-14 17:05:13] [INFO ] [Thread 139718885214144] New {Jade<"2D", 64-bit; 25024Bytes> (50,50)} Filled with 0.000000's.
[2026-03-14 17:05:13] [DEBUG] [Thread 139718885214144] [CPU Allocator] Allocated Memory: fulfilled the requested 32 B. 
[2026-03-14 17:05:13] [INFO ] [Thread 139718885214144] [Storage] Storage Alloc: 32 B on Hardware[1]
[2026-03-14 17:05:13] [INFO ] [Thread 139718885214144] New {Jade<"1D", 64-bit; 32Bytes> (1)} Filled with 0.000000's.
[2026-03-14 17:05:13] [DEBUG] [Thread 139718885214144] [Dispatcher] Executed Unary Reduction Reaction: OpCode=0x10
[2026-03-14 17:05:13] [DEBUG] [Thread 139718885214144] [CPU Allocator] Deallocated Memory.
[2026-03-14 17:05:13] [INFO ] [Thread 139718885214144] [Storage] Storage Freed. 0B
[2026-03-14 17:05:13] [DEBUG] [Thread 139718885214144] [CPU Allocator] Allocated Memory: fulfilled the requested 100000 B. 
[2026-03-14 17:05:13] [INFO ] [Thread 139718885214144] [Storage] Storage Alloc: 100000 B on Hardware[1]
[2026-03-14 17:05:13] [DEBUG] [Thread 139718885214144] [Scalar Reactor] Shape (100, 100) --> Shape (10000).

[2026-03-14 17:05:13] [INFO ] [Thread 139718885214144] [Scalar Reactor] New ndims: 1.
[2026-03-14 17:05:13] [INFO ] [Thread 139718885214144] [Scalar Reactor] Saved Reactor Settings Successfully.
[2026-03-14 17:05:13] [DEBUG] [Thread 139718885214144] [Dispatcher] Executed Scalar Reaction: OpCode=0x5
[2026-03-14 17:05:13] [INFO ] [Thread 139718885214144] New {Jade<"2D", 64-bit; 100000Bytes> (100,100)} Filled with 1.000000's.
[2026-03-14 17:05:13] [DEBUG] [Thread 139718885214144] [CPU Allocator] Allocated Memory: fulfilled the requested 32 B. 
[2026-03-14 17:05:13] [INFO ] [Thread 139718885214144] [Storage] Storage Alloc: 32 B on Hardware[1]
[2026-03-14 17:05:13] [INFO ] [Thread 139718885214144] New {Jade<"1D", 64-bit; 32Bytes> (1)} Filled with 0.000000's.
[2026-03-14 17:05:13] [DEBUG] [Thread 139718885214144] [Dispatcher] Executed Unary Reduction Reaction: OpCode=0xf
[2026-03-14 17:05:13] [DEBUG] [Thread 139718885214144] [CPU Allocator] Deallocated Memory.
[2026-03-14 17:05:13] [INFO ] [Thread 139718885214144] [Storage] Storage Freed. 0B
[2026-03-14 17:05:13] [DEBUG] [Thread 139718885214144] [CPU Allocator] Allocated Memory: fulfilled the requested 512 B. 
[2026-03-14 17:05:13] [INFO ] [Thread 139718885214144] [Storage] Storage Alloc: 512 B on Hardware[1]
[2026-03-14 17:05:13] [DEBUG] [Thread 139718885214144] [Scalar Reactor] Shape (50) --> Shape (50).

[2026-03-14 17:05:13] [INFO ] [Thread 139718885214144] [Scalar Reactor] New ndims: 1.
[2026-03-14 17:05:13] [INFO ] [Thread 139718885214144] [Scalar Reactor] Saved Reactor Settings Successfully.
[2026-03-14 17:05:13] [DEBUG] [Thread 139718885214144] [Dispatcher] Executed Scalar Reaction: OpCode=0x5
[2026-03-14 17:05:13] [INFO ] [Thread 139718885214144] New {Jade<"1D", 64-bit; 512Bytes> (50)} Filled with 3.140000's.
[2026-03-14 17:05:13] [DEBUG] [Thread 139718885214144] [CPU Allocator] Allocated Memory: fulfilled the requested 32 B. 
[2026-03-14 17:05:13] [INFO ] [Thread 139718885214144] [Storage] Storage Alloc: 32 B on Hardware[1]
[2026-03-14 17:05:13] [INFO ] [Thread 139718885214144] New {Jade<"1D", 64-bit; 32Bytes> (1)} Filled with 0.000000's.
[2026-03-14 17:05:13] [DEBUG] [Thread 139718885214144] [Dispatcher] Executed Unary Reduction Reaction: OpCode=0x10
[2026-03-14 17:05:13] [DEBUG] [Thread 139718885214144] [CPU Allocator] Deallocated Memory.
[2026-03-14 17:05:13] [INFO ] [Thread 139718885214144] [Storage] Storage Freed. 0B
[2026-03-14 17:05:13] [DEBUG] [Thread 139718885214144] [CPU Allocator] Allocated Memory: fulfilled the requested 64 B. 
[2026-03-14 17:05:13] [INFO ] [Thread 139718885214144] [Storage] Storage Alloc: 64 B on Hardware[1]
[2026-03-14 17:05:13] [INFO ] [Thread 139718885214144] New {Jade<"2D", 64-bit; 64Bytes> (2,3)} Filled with 0.000000's.
[2026-03-14 17:05:13] [DEBUG] [Thread 139718885214144] [CPU Allocator] Deallocated Memory.
[2026-03-14 17:05:13] [INFO ] [Thread 139718885214144] [Storage] Storage Freed. 0B
[2026-03-14 17:05:13] [DEBUG] [Thread 139718885214144] [CPU Allocator] Deallocated Memory.
[2026-03-14 17:05:13] [INFO ] [Thread 139718885214144] [Storage] Storage Freed. 0B
[2026-03-14 17:05:13] [DEBUG] [Thread 139718885214144] [CPU Allocator] Deallocated Memory.
[2026-03-14 17:05:13] [INFO ] [Thread 139718885214144] [Storage] Storage Freed. 0B
[2026-03-14 17:05:13] [DEBUG] [Thread 139718885214144] [CPU Allocator] Deallocated Memory.
[2026-03-14 17:05:13] [INFO ] [Thread 139718885214144] [Storage] Storage Freed. 0B
[2026-03-14 17:05:13] [DEBUG] [Thread 139718885214144] [CPU Allocator] Deallocated Memory.
[2026-03-14 17:05:13] [INFO ] [Thread 139718885214144] [Storage] Storage Freed. 0B
[2026-03-14 17:05:13] [DEBUG] [Thread 139718885214144] [CPU Allocator] Deallocated Memory.
[2026-03-14 17:05:13] [INFO ] [Thread 139718885214144] [Storage] Storage Freed. 0B
[2026-03-14 17:05:13] [DEBUG] [Thread 139718885214144] [CPU Allocator] Deallocated Memory.
[2026-03-14 17:05:13] [INFO ] [Thread 139718885214144] [Storage] Storage Freed. 0B
[2026-03-14 17:05:13] [DEBUG] [Thread 139718885214144] [CPU Allocator] Deallocated Memory.
[2026-03-14 17:05:13] [INFO ] [Thread 139718885214144] [Storage] Storage Freed. 0B
[2026-03-14 17:05:13] [DEBUG] [Thread 139718885214144] [CPU Allocator] Deallocated Memory.
[2026-03-14 17:05:13] [INFO ] [Thread 139718885214144] [Storage] Storage Freed. 0B
[2026-03-14 17:05:13] [DEBUG] [Thread 139718885214144] [CPU Allocator] Deallocated Memory.
[2026-03-14 17:05:13] [INFO ] [Thread 139718885214144] [Storage] Storage Freed. 0B
[2026-03-14 17:05:13] [DEBUG] [Thread 139718885214144] [CPU Allocator] Deallocated Memory.
[2026-03-14 17:05:13] [INFO ] [Thread 139718885214144] [Storage] Storage Freed. 0B
[2026-03-14 17:05:13] [INFO ] [Thread 139718885214144] PHASE 2
[2026-03-14 17:05:13] [DEBUG] [Thread 139718885214144] [CPU Allocator] Allocated Memory: fulfilled the requested 64 B. 
[2026-03-14 17:05:13] [INFO ] [Thread 139718885214144] [Storage] Storage Alloc: 64 B on Hardware[1]
[2026-03-14 17:05:13] [INFO ] [Thread 139718885214144] New {Jade<"1D", 64-bit; 64Bytes> (4)} Filled with 0.000000's.
[2026-03-14 17:05:13] [DEBUG] [Thread 139718885214144] [CPU Allocator] Allocated Memory: fulfilled the requested 64 B. 
[2026-03-14 17:05:13] [INFO ] [Thread 139718885214144] [Storage] Storage Alloc: 64 B on Hardware[1]
[2026-03-14 17:05:13] [INFO ] [Thread 139718885214144] New {Jade<"1D", 64-bit; 64Bytes> (4)} Filled with 0.000000's.
[2026-03-14 17:05:13] [INFO ] [Thread 139718885214144] Copied {Jade<"1D", 64-bit; 64Bytes> (4)} Into {Jade<"1D", 64-bit; 64Bytes> (4)}
[2026-03-14 17:05:13] [INFO ] [Thread 139718885214144] Copied {Jade<"1D", 64-bit; 64Bytes> (4)} Into {Jade<"1D", 64-bit; 64Bytes> (4)}
[2026-03-14 17:05:13] [DEBUG] [Thread 139718885214144] [CPU Allocator] Allocated Memory: fulfilled the requested 64 B. 
[2026-03-14 17:05:13] [INFO ] [Thread 139718885214144] [Storage] Storage Alloc: 64 B on Hardware[1]
[2026-03-14 17:05:13] [INFO ] [Thread 139718885214144] New {Jade<"1D", 64-bit; 64Bytes> (4)} Filled with 0.000000's.
[2026-03-14 17:05:13] [DEBUG] [Thread 139718885214144] [Binary Reactor] Shape (4) [+] Shape (4)  --> Shape (4).
[2026-03-14 17:05:13] [INFO ] [Thread 139718885214144] [Binary Reactor] New ndims: 1.
[2026-03-14 17:05:13] [INFO ] [Thread 139718885214144] [Binary Reactor] Saved Reactor Settings Successfully.
[2026-03-14 17:05:13] [INFO ] [Thread 139718885214144] [CPU Invoker] Performing Contiguous Jade Binary Reaction. Reactor Ndims=1.
[2026-03-14 17:05:13] [DEBUG] [Thread 139718885214144] [Dispatcher] Executed Binary Reaction: OpCode=0x6
[2026-03-14 17:05:13] [INFO ] [Thread 139718885214144] Copied {Jade<"1D", 64-bit; 64Bytes> (4)} Into {Jade<"1D", 64-bit; 64Bytes> (4)}
[2026-03-14 17:05:13] [INFO ] [Thread 139718885214144] Copied {Jade<"1D", 64-bit; 64Bytes> (4)} Into {Jade<"1D", 64-bit; 64Bytes> (4)}
[2026-03-14 17:05:13] [DEBUG] [Thread 139718885214144] [CPU Allocator] Allocated Memory: fulfilled the requested 64 B. 
[2026-03-14 17:05:13] [INFO ] [Thread 139718885214144] [Storage] Storage Alloc: 64 B on Hardware[1]
[2026-03-14 17:05:13] [INFO ] [Thread 139718885214144] New {Jade<"1D", 64-bit; 64Bytes> (4)} Filled with 0.000000's.
[2026-03-14 17:05:13] [DEBUG] [Thread 139718885214144] [Binary Reactor] Shape (4) [+] Shape (4)  --> Shape (4).
[2026-03-14 17:05:13] [INFO ] [Thread 139718885214144] [Binary Reactor] New ndims: 1.
[2026-03-14 17:05:13] [INFO ] [Thread 139718885214144] [Binary Reactor] Saved Reactor Settings Successfully.
[2026-03-14 17:05:13] [INFO ] [Thread 139718885214144] [CPU Invoker] Performing Contiguous Jade Binary Reaction. Reactor Ndims=1.
[2026-03-14 17:05:13] [DEBUG] [Thread 139718885214144] [Dispatcher] Executed Binary Reaction: OpCode=0x1
[2026-03-14 17:05:13] [INFO ] [Thread 139718885214144] Copied {Jade<"1D", 64-bit; 64Bytes> (4)} Into {Jade<"1D", 64-bit; 64Bytes> (4)}
[2026-03-14 17:05:13] [INFO ] [Thread 139718885214144] Transposed {Jade<"1D", 64-bit; 64Bytes> (4)} into {Jade<"1D", 64-bit; 64Bytes> (4)}.
[2026-03-14 17:05:13] [INFO ] [Thread 139718885214144] Copied {Jade<"1D", 64-bit; 64Bytes> (4)} Into {Jade<"1D", 64-bit; 64Bytes> (4)}
[2026-03-14 17:05:13] [INFO ] [Thread 139718885214144] Copied {Jade<"1D", 64-bit; 64Bytes> (4)} Into {Jade<"1D", 64-bit; 64Bytes> (4)}
[2026-03-14 17:05:13] [DEBUG] [Thread 139718885214144] [CPU Allocator] Allocated Memory: fulfilled the requested 64 B. 
[2026-03-14 17:05:13] [INFO ] [Thread 139718885214144] [Storage] Storage Alloc: 64 B on Hardware[1]
[2026-03-14 17:05:13] [INFO ] [Thread 139718885214144] New {Jade<"1D", 64-bit; 64Bytes> (4)} Filled with 0.000000's.
[2026-03-14 17:05:13] [DEBUG] [Thread 139718885214144] [Binary Reactor] Shape (4) [+] Shape (4)  --> Shape (4).
[2026-03-14 17:05:13] [INFO ] [Thread 139718885214144] [Binary Reactor] New ndims: 1.
[2026-03-14 17:05:13] [INFO ] [Thread 139718885214144] [Binary Reactor] Saved Reactor Settings Successfully.
[2026-03-14 17:05:13] [INFO ] [Thread 139718885214144] [CPU Invoker] Performing Contiguous Jade Binary Reaction. Reactor Ndims=1.
[2026-03-14 17:05:13] [DEBUG] [Thread 139718885214144] [Dispatcher] Executed Binary Reaction: OpCode=0x2
[2026-03-14 17:05:13] [DEBUG] [Thread 139718885214144] [CPU Allocator] Allocated Memory: fulfilled the requested 64 B. 
[2026-03-14 17:05:13] [INFO ] [Thread 139718885214144] [Storage] Storage Alloc: 64 B on Hardware[1]
[2026-03-14 17:05:13] [DEBUG] [Thread 139718885214144] [Scalar Reactor] Shape (4) --> Shape (4).

[2026-03-14 17:05:13] [INFO ] [Thread 139718885214144] [Scalar Reactor] New ndims: 1.
[2026-03-14 17:05:13] [INFO ] [Thread 139718885214144] [Scalar Reactor] Saved Reactor Settings Successfully.
[2026-03-14 17:05:13] [DEBUG] [Thread 139718885214144] [Dispatcher] Executed Scalar Reaction: OpCode=0x5
[2026-03-14 17:05:13] [INFO ] [Thread 139718885214144] New {Jade<"1D", 64-bit; 64Bytes> (4)} Filled with 5.000000's.
[2026-03-14 17:05:13] [DEBUG] [Thread 139718885214144] [CPU Allocator] Allocated Memory: fulfilled the requested 64 B. 
[2026-03-14 17:05:13] [INFO ] [Thread 139718885214144] [Storage] Storage Alloc: 64 B on Hardware[1]
[2026-03-14 17:05:13] [INFO ] [Thread 139718885214144] New {Jade<"1D", 64-bit; 64Bytes> (4)} Filled with 0.000000's.
[2026-03-14 17:05:13] [DEBUG] [Thread 139718885214144] [Binary Reactor] Shape (4) [+] Shape (4)  --> Shape (4).
[2026-03-14 17:05:13] [INFO ] [Thread 139718885214144] [Binary Reactor] New ndims: 1.
[2026-03-14 17:05:13] [INFO ] [Thread 139718885214144] [Binary Reactor] Saved Reactor Settings Successfully.
[2026-03-14 17:05:13] [INFO ] [Thread 139718885214144] [CPU Invoker] Performing Contiguous Jade Binary Reaction. Reactor Ndims=1.
[2026-03-14 17:05:13] [DEBUG] [Thread 139718885214144] [Dispatcher] Executed Binary Reaction: OpCode=0x6
[2026-03-14 17:05:13] [DEBUG] [Thread 139718885214144] [CPU Allocator] Deallocated Memory.
[2026-03-14 17:05:13] [INFO ] [Thread 139718885214144] [Storage] Storage Freed. 0B
[2026-03-14 17:05:13] [DEBUG] [Thread 139718885214144] [CPU Allocator] Allocated Memory: fulfilled the requested 64 B. 
[2026-03-14 17:05:13] [INFO ] [Thread 139718885214144] [Storage] Storage Alloc: 64 B on Hardware[1]
[2026-03-14 17:05:13] [DEBUG] [Thread 139718885214144] [Scalar Reactor] Shape (4) --> Shape (4).

[2026-03-14 17:05:13] [INFO ] [Thread 139718885214144] [Scalar Reactor] New ndims: 1.
[2026-03-14 17:05:13] [INFO ] [Thread 139718885214144] [Scalar Reactor] Saved Reactor Settings Successfully.
[2026-03-14 17:05:13] [DEBUG] [Thread 139718885214144] [Dispatcher] Executed Scalar Reaction: OpCode=0x5
[2026-03-14 17:05:13] [INFO ] [Thread 139718885214144] New {Jade<"1D", 64-bit; 64Bytes> (4)} Filled with 10.000000's.
[2026-03-14 17:05:13] [DEBUG] [Thread 139718885214144] [CPU Allocator] Allocated Memory: fulfilled the requested 64 B. 
[2026-03-14 17:05:13] [INFO ] [Thread 139718885214144] [Storage] Storage Alloc: 64 B on Hardware[1]
[2026-03-14 17:05:13] [INFO ] [Thread 139718885214144] New {Jade<"1D", 64-bit; 64Bytes> (4)} Filled with 0.000000's.
[2026-03-14 17:05:13] [DEBUG] [Thread 139718885214144] [Binary Reactor] Shape (4) [+] Shape (4)  --> Shape (4).
[2026-03-14 17:05:13] [INFO ] [Thread 139718885214144] [Binary Reactor] New ndims: 1.
[2026-03-14 17:05:13] [INFO ] [Thread 139718885214144] [Binary Reactor] Saved Reactor Settings Successfully.
[2026-03-14 17:05:13] [INFO ] [Thread 139718885214144] [CPU Invoker] Performing Contiguous Jade Binary Reaction. Reactor Ndims=1.
[2026-03-14 17:05:13] [DEBUG] [Thread 139718885214144] [Dispatcher] Executed Binary Reaction: OpCode=0x1
[2026-03-14 17:05:13] [DEBUG] [Thread 139718885214144] [CPU Allocator] Deallocated Memory.
[2026-03-14 17:05:13] [INFO ] [Thread 139718885214144] [Storage] Storage Freed. 0B
[2026-03-14 17:05:13] [DEBUG] [Thread 139718885214144] [CPU Allocator] Allocated Memory: fulfilled the requested 64 B. 
[2026-03-14 17:05:13] [INFO ] [Thread 139718885214144] [Storage] Storage Alloc: 64 B on Hardware[1]
[2026-03-14 17:05:13] [DEBUG] [Thread 139718885214144] [Scalar Reactor] Shape (4) --> Shape (4).

[2026-03-14 17:05:13] [INFO ] [Thread 139718885214144] [Scalar Reactor] New ndims: 1.
[2026-03-14 17:05:13] [INFO ] [Thread 139718885214144] [Scalar Reactor] Saved Reactor Settings Successfully.
[2026-03-14 17:05:13] [DEBUG] [Thread 139718885214144] [Dispatcher] Executed Scalar Reaction: OpCode=0x5
[2026-03-14 17:05:13] [INFO ] [Thread 139718885214144] New {Jade<"1D", 64-bit; 64Bytes> (4)} Filled with 2.000000's.
[2026-03-14 17:05:13] [DEBUG] [Thread 139718885214144] [CPU Allocator] Allocated Memory: fulfilled the requested 64 B. 
[2026-03-14 17:05:13] [INFO ] [Thread 139718885214144] [Storage] Storage Alloc: 64 B on Hardware[1]
[2026-03-14 17:05:13] [INFO ] [Thread 139718885214144] New {Jade<"1D", 64-bit; 64Bytes> (4)} Filled with 0.000000's.
[2026-03-14 17:05:13] [DEBUG] [Thread 139718885214144] [Binary Reactor] Shape (4) [+] Shape (4)  --> Shape (4).
[2026-03-14 17:05:13] [INFO ] [Thread 139718885214144] [Binary Reactor] New ndims: 1.
[2026-03-14 17:05:13] [INFO ] [Thread 139718885214144] [Binary Reactor] Saved Reactor Settings Successfully.
[2026-03-14 17:05:13] [INFO ] [Thread 139718885214144] [CPU Invoker] Performing Contiguous Jade Binary Reaction. Reactor Ndims=1.
[2026-03-14 17:05:13] [DEBUG] [Thread 139718885214144] [Dispatcher] Executed Binary Reaction: OpCode=0x2
[2026-03-14 17:05:13] [DEBUG] [Thread 139718885214144] [CPU Allocator] Deallocated Memory.
[2026-03-14 17:05:13] [INFO ] [Thread 139718885214144] [Storage] Storage Freed. 0B
[2026-03-14 17:05:13] [DEBUG] [Thread 139718885214144] [CPU Allocator] Allocated Memory: fulfilled the requested 64 B. 
[2026-03-14 17:05:13] [INFO ] [Thread 139718885214144] [Storage] Storage Alloc: 64 B on Hardware[1]
[2026-03-14 17:05:13] [INFO ] [Thread 139718885214144] New {Jade<"1D", 64-bit; 64Bytes> (4)} Filled with 0.000000's.
[2026-03-14 17:05:13] [DEBUG] [Thread 139718885214144] [Unary Reactor] Shape (4) --> Shape (4).

[2026-03-14 17:05:13] [INFO ] [Thread 139718885214144] [Unary Reactor] New ndims: 1.
[2026-03-14 17:05:13] [INFO ] [Thread 139718885214144] [Unary Reactor] Saved Reactor Settings Successfully.
[2026-03-14 17:05:13] [INFO ] [Thread 139718885214144] [CPU Invoker] Performing Contiguous Jade Unary Reaction. Reactor Ndims=1.
[2026-03-14 17:05:13] [DEBUG] [Thread 139718885214144] [Dispatcher] Executed Unary Reaction: OpCode=0x7
[2026-03-14 17:05:13] [DEBUG] [Thread 139718885214144] [CPU Allocator] Allocated Memory: fulfilled the requested 64 B. 
[2026-03-14 17:05:13] [INFO ] [Thread 139718885214144] [Storage] Storage Alloc: 64 B on Hardware[1]
[2026-03-14 17:05:13] [INFO ] [Thread 139718885214144] New {Jade<"1D", 64-bit; 64Bytes> (4)} Filled with 0.000000's.
[2026-03-14 17:05:13] [DEBUG] [Thread 139718885214144] [Unary Reactor] Shape (4) --> Shape (4).

[2026-03-14 17:05:13] [INFO ] [Thread 139718885214144] [Unary Reactor] New ndims: 1.
[2026-03-14 17:05:13] [INFO ] [Thread 139718885214144] [Unary Reactor] Saved Reactor Settings Successfully.
[2026-03-14 17:05:13] [INFO ] [Thread 139718885214144] [CPU Invoker] Performing Contiguous Jade Unary Reaction. Reactor Ndims=1.
[2026-03-14 17:05:13] [DEBUG] [Thread 139718885214144] [Dispatcher] Executed Unary Reaction: OpCode=0x8
[2026-03-14 17:05:13] [DEBUG] [Thread 139718885214144] [CPU Allocator] Allocated Memory: fulfilled the requested 64 B. 
[2026-03-14 17:05:13] [INFO ] [Thread 139718885214144] [Storage] Storage Alloc: 64 B on Hardware[1]
[2026-03-14 17:05:13] [INFO ] [Thread 139718885214144] New {Jade<"1D", 64-bit; 64Bytes> (4)} Filled with 0.000000's.
[2026-03-14 17:05:13] [DEBUG] [Thread 139718885214144] [Unary Reactor] Shape (4) --> Shape (4).

[2026-03-14 17:05:13] [INFO ] [Thread 139718885214144] [Unary Reactor] New ndims: 1.
[2026-03-14 17:05:13] [INFO ] [Thread 139718885214144] [Unary Reactor] Saved Reactor Settings Successfully.
[2026-03-14 17:05:13] [INFO ] [Thread 139718885214144] [CPU Invoker] Performing Contiguous Jade Unary Reaction. Reactor Ndims=1.
[2026-03-14 17:05:13] [DEBUG] [Thread 139718885214144] [Dispatcher] Executed Unary Reaction: OpCode=0x9
[2026-03-14 17:05:13] [DEBUG] [Thread 139718885214144] [CPU Allocator] Allocated Memory: fulfilled the requested 64 B. 
[2026-03-14 17:05:13] [INFO ] [Thread 139718885214144] [Storage] Storage Alloc: 64 B on Hardware[1]
[2026-03-14 17:05:13] [INFO ] [Thread 139718885214144] New {Jade<"1D", 64-bit; 64Bytes> (4)} Filled with 0.000000's.
[2026-03-14 17:05:13] [DEBUG] [Thread 139718885214144] [Unary Reactor] Shape (4) --> Shape (4).

[2026-03-14 17:05:13] [INFO ] [Thread 139718885214144] [Unary Reactor] New ndims: 1.
[2026-03-14 17:05:13] [INFO ] [Thread 139718885214144] [Unary Reactor] Saved Reactor Settings Successfully.
[2026-03-14 17:05:13] [INFO ] [Thread 139718885214144] [CPU Invoker] Performing Contiguous Jade Unary Reaction. Reactor Ndims=1.
[2026-03-14 17:05:13] [DEBUG] [Thread 139718885214144] [Dispatcher] Executed Unary Reaction: OpCode=0xa
[2026-03-14 17:05:13] [DEBUG] [Thread 139718885214144] [CPU Allocator] Allocated Memory: fulfilled the requested 64 B. 
[2026-03-14 17:05:13] [INFO ] [Thread 139718885214144] [Storage] Storage Alloc: 64 B on Hardware[1]
[2026-03-14 17:05:13] [INFO ] [Thread 139718885214144] New {Jade<"1D", 64-bit; 64Bytes> (4)} Filled with 0.000000's.
[2026-03-14 17:05:13] [DEBUG] [Thread 139718885214144] [Unary Reactor] Shape (4) --> Shape (4).

[2026-03-14 17:05:13] [INFO ] [Thread 139718885214144] [Unary Reactor] New ndims: 1.
[2026-03-14 17:05:13] [INFO ] [Thread 139718885214144] [Unary Reactor] Saved Reactor Settings Successfully.
[2026-03-14 17:05:13] [INFO ] [Thread 139718885214144] [CPU Invoker] Performing Contiguous Jade Unary Reaction. Reactor Ndims=1.
[2026-03-14 17:05:13] [DEBUG] [Thread 139718885214144] [Dispatcher] Executed Unary Reaction: OpCode=0xb
[2026-03-14 17:05:13] [DEBUG] [Thread 139718885214144] [CPU Allocator] Allocated Memory: fulfilled the requested 64 B. 
[2026-03-14 17:05:13] [INFO ] [Thread 139718885214144] [Storage] Storage Alloc: 64 B on Hardware[1]
[2026-03-14 17:05:13] [INFO ] [Thread 139718885214144] New {Jade<"1D", 64-bit; 64Bytes> (4)} Filled with 0.000000's.
[2026-03-14 17:05:13] [DEBUG] [Thread 139718885214144] [Unary Reactor] Shape (4) --> Shape (4).

[2026-03-14 17:05:13] [INFO ] [Thread 139718885214144] [Unary Reactor] New ndims: 1.
[2026-03-14 17:05:13] [INFO ] [Thread 139718885214144] [Unary Reactor] Saved Reactor Settings Successfully.
[2026-03-14 17:05:13] [INFO ] [Thread 139718885214144] [CPU Invoker] Performing Contiguous Jade Unary Reaction. Reactor Ndims=1.
[2026-03-14 17:05:13] [DEBUG] [Thread 139718885214144] [Dispatcher] Executed Unary Reaction: OpCode=0xc
[2026-03-14 17:05:13] [DEBUG] [Thread 139718885214144] [CPU Allocator] Deallocated Memory.
[2026-03-14 17:05:13] [INFO ] [Thread 139718885214144] [Storage] Storage Freed. 0B
[2026-03-14 17:05:13] [DEBUG] [Thread 139718885214144] [CPU Allocator] Deallocated Memory.
[2026-03-14 17:05:13] [INFO ] [Thread 139718885214144] [Storage] Storage Freed. 0B
[2026-03-14 17:05:13] [DEBUG] [Thread 139718885214144] [CPU Allocator] Deallocated Memory.
[2026-03-14 17:05:13] [INFO ] [Thread 139718885214144] [Storage] Storage Freed. 0B
[2026-03-14 17:05:13] [DEBUG] [Thread 139718885214144] [CPU Allocator] Deallocated Memory.
[2026-03-14 17:05:13] [INFO ] [Thread 139718885214144] [Storage] Storage Freed. 0B
[2026-03-14 17:05:13] [DEBUG] [Thread 139718885214144] [CPU Allocator] Deallocated Memory.
[2026-03-14 17:05:13] [INFO ] [Thread 139718885214144] [Storage] Storage Freed. 0B
[2026-03-14 17:05:13] [DEBUG] [Thread 139718885214144] [CPU Allocator] Deallocated Memory.
[2026-03-14 17:05:13] [INFO ] [Thread 139718885214144] [Storage] Storage Freed. 0B
[2026-03-14 17:05:13] [DEBUG] [Thread 139718885214144] [CPU Allocator] Deallocated Memory.
[2026-03-14 17:05:13] [INFO ] [Thread 139718885214144] [Storage] Storage Freed. 0B
[2026-03-14 17:05:13] [DEBUG] [Thread 139718885214144] [CPU Allocator] Deallocated Memory.
[2026-03-14 17:05:13] [INFO ] [Thread 139718885214144] [Storage] Storage Freed. 0B
[2026-03-14 17:05:13] [DEBUG] [Thread 139718885214144] [CPU Allocator] Deallocated Memory.
[2026-03-14 17:05:13] [INFO ] [Thread 139718885214144] [Storage] Storage Freed. 0B
[2026-03-14 17:05:13] [DEBUG] [Thread 139718885214144] [CPU Allocator] Deallocated Memory.
[2026-03-14 17:05:13] [INFO ] [Thread 139718885214144] [Storage] Storage Freed. 0B
[2026-03-14 17:05:13] [DEBUG] [Thread 139718885214144] [CPU Allocator] Deallocated Memory.
[2026-03-14 17:05:13] [INFO ] [Thread 139718885214144] [Storage] Storage Freed. 0B
[2026-03-14 17:05:13] [DEBUG] [Thread 139718885214144] [CPU Allocator] Deallocated Memory.
[2026-03-14 17:05:13] [INFO ] [Thread 139718885214144] [Storage] Storage Freed. 0B
[2026-03-14 17:05:13] [DEBUG] [Thread 139718885214144] [CPU Allocator] Deallocated Memory.
[2026-03-14 17:05:13] [INFO ] [Thread 139718885214144] [Storage] Storage Freed. 0B
[2026-03-14 17:05:13] [DEBUG] [Thread 139718885214144] [CPU Allocator] Deallocated Memory.
[2026-03-14 17:05:13] [INFO ] [Thread 139718885214144] [Storage] Storage Freed. 0B
[2026-03-14 17:05:13] [INFO ] [Thread 139718885214144] PHASE 3
[2026-03-14 17:05:13] [DEBUG] [Thread 139718885214144] [CPU Allocator] Allocated Memory: fulfilled the requested 96 B. 
[2026-03-14 17:05:13] [INFO ] [Thread 139718885214144] [Storage] Storage Alloc: 96 B on Hardware[1]
[2026-03-14 17:05:13] [INFO ] [Thread 139718885214144] New {Jade<"2D", 64-bit; 96Bytes> (2,4)} Filled with 0.000000's.
[2026-03-14 17:05:13] [DEBUG] [Thread 139718885214144] [CPU Allocator] Allocated Memory: fulfilled the requested 32 B. 
[2026-03-14 17:05:13] [INFO ] [Thread 139718885214144] [Storage] Storage Alloc: 32 B on Hardware[1]
[2026-03-14 17:05:13] [INFO ] [Thread 139718885214144] New {Jade<"1D", 64-bit; 32Bytes> (1)} Filled with 0.000000's.
[2026-03-14 17:05:13] [DEBUG] [Thread 139718885214144] [Dispatcher] Executed Unary Reduction Reaction: OpCode=0x10
[2026-03-14 17:05:13] [DEBUG] [Thread 139718885214144] [CPU Allocator] Deallocated Memory.
[2026-03-14 17:05:13] [INFO ] [Thread 139718885214144] [Storage] Storage Freed. 0B
[2026-03-14 17:05:13] [DEBUG] [Thread 139718885214144] [CPU Allocator] Allocated Memory: fulfilled the requested 32 B. 
[2026-03-14 17:05:13] [INFO ] [Thread 139718885214144] [Storage] Storage Alloc: 32 B on Hardware[1]
[2026-03-14 17:05:13] [INFO ] [Thread 139718885214144] New {Jade<"1D", 64-bit; 32Bytes> (1)} Filled with 0.000000's.
[2026-03-14 17:05:13] [DEBUG] [Thread 139718885214144] [Dispatcher] Executed Unary Reduction Reaction: OpCode=0x11
[2026-03-14 17:05:13] [DEBUG] [Thread 139718885214144] [CPU Allocator] Deallocated Memory.
[2026-03-14 17:05:13] [INFO ] [Thread 139718885214144] [Storage] Storage Freed. 0B
[2026-03-14 17:05:13] [DEBUG] [Thread 139718885214144] [CPU Allocator] Allocated Memory: fulfilled the requested 32 B. 
[2026-03-14 17:05:13] [INFO ] [Thread 139718885214144] [Storage] Storage Alloc: 32 B on Hardware[1]
[2026-03-14 17:05:13] [INFO ] [Thread 139718885214144] New {Jade<"1D", 64-bit; 32Bytes> (1)} Filled with 0.000000's.
[2026-03-14 17:05:13] [DEBUG] [Thread 139718885214144] [Dispatcher] Executed Unary Reduction Reaction: OpCode=0xf
[2026-03-14 17:05:13] [DEBUG] [Thread 139718885214144] [CPU Allocator] Deallocated Memory.
[2026-03-14 17:05:13] [INFO ] [Thread 139718885214144] [Storage] Storage Freed. 0B
[2026-03-14 17:05:13] [DEBUG] [Thread 139718885214144] [CPU Allocator] Allocated Memory: fulfilled the requested 32 B. 
[2026-03-14 17:05:13] [INFO ] [Thread 139718885214144] [Storage] Storage Alloc: 32 B on Hardware[1]
[2026-03-14 17:05:13] [INFO ] [Thread 139718885214144] New {Jade<"1D", 64-bit; 32Bytes> (1)} Filled with 0.000000's.
[2026-03-14 17:05:13] [DEBUG] [Thread 139718885214144] [Dispatcher] Executed Unary Reduction Reaction: OpCode=0x15
[2026-03-14 17:05:13] [DEBUG] [Thread 139718885214144] [CPU Allocator] Deallocated Memory.
[2026-03-14 17:05:13] [INFO ] [Thread 139718885214144] [Storage] Storage Freed. 0B
[2026-03-14 17:05:13] [DEBUG] [Thread 139718885214144] [CPU Allocator] Allocated Memory: fulfilled the requested 32 B. 
[2026-03-14 17:05:13] [INFO ] [Thread 139718885214144] [Storage] Storage Alloc: 32 B on Hardware[1]
[2026-03-14 17:05:13] [INFO ] [Thread 139718885214144] New {Jade<"1D", 64-bit; 32Bytes> (1)} Filled with 0.000000's.
[2026-03-14 17:05:13] [DEBUG] [Thread 139718885214144] [Dispatcher] Executed Unary Reduction Reaction: OpCode=0xe
[2026-03-14 17:05:13] [DEBUG] [Thread 139718885214144] [CPU Allocator] Deallocated Memory.
[2026-03-14 17:05:13] [INFO ] [Thread 139718885214144] [Storage] Storage Freed. 0B
[2026-03-14 17:05:13] [DEBUG] [Thread 139718885214144] [CPU Allocator] Allocated Memory: fulfilled the requested 32 B. 
[2026-03-14 17:05:13] [INFO ] [Thread 139718885214144] [Storage] Storage Alloc: 32 B on Hardware[1]
[2026-03-14 17:05:13] [INFO ] [Thread 139718885214144] New {Jade<"1D", 64-bit; 32Bytes> (1)} Filled with 0.000000's.
[2026-03-14 17:05:13] [DEBUG] [Thread 139718885214144] [Dispatcher] Executed Unary Reduction Reaction: OpCode=0x13
[2026-03-14 17:05:13] [DEBUG] [Thread 139718885214144] [CPU Allocator] Deallocated Memory.
[2026-03-14 17:05:13] [INFO ] [Thread 139718885214144] [Storage] Storage Freed. 0B
[2026-03-14 17:05:13] [DEBUG] [Thread 139718885214144] [CPU Allocator] Allocated Memory: fulfilled the requested 32 B. 
[2026-03-14 17:05:13] [INFO ] [Thread 139718885214144] [Storage] Storage Alloc: 32 B on Hardware[1]
[2026-03-14 17:05:13] [INFO ] [Thread 139718885214144] New {Jade<"1D", 64-bit; 32Bytes> (1)} Filled with 0.000000's.
[2026-03-14 17:05:13] [DEBUG] [Thread 139718885214144] [Dispatcher] Executed Unary Reduction Reaction: OpCode=0x14
[2026-03-14 17:05:13] [DEBUG] [Thread 139718885214144] [CPU Allocator] Deallocated Memory.
[2026-03-14 17:05:13] [INFO ] [Thread 139718885214144] [Storage] Storage Freed. 0B
[2026-03-14 17:05:13] [DEBUG] [Thread 139718885214144] [CPU Allocator] Allocated Memory: fulfilled the requested 32 B. 
[2026-03-14 17:05:13] [INFO ] [Thread 139718885214144] [Storage] Storage Alloc: 32 B on Hardware[1]
[2026-03-14 17:05:13] [INFO ] [Thread 139718885214144] New {Jade<"1D", 64-bit; 32Bytes> (1)} Filled with 0.000000's.
[2026-03-14 17:05:13] [INFO ] [Thread 139718885214144] Copied {Jade<"2D", 64-bit; 96Bytes> (2,4)} Into {Jade<"2D", 64-bit; 96Bytes> (2,4)}
[2026-03-14 17:05:13] [DEBUG] [Thread 139718885214144] [Dispatcher] Executed Unary Reduction Reaction: OpCode=0x10
[2026-03-14 17:05:13] [DEBUG] [Thread 139718885214144] [CPU Allocator] Deallocated Memory.
[2026-03-14 17:05:13] [INFO ] [Thread 139718885214144] [Storage] Storage Freed. 0B
[2026-03-14 17:05:13] [DEBUG] [Thread 139718885214144] [CPU Allocator] Allocated Memory: fulfilled the requested 32 B. 
[2026-03-14 17:05:13] [INFO ] [Thread 139718885214144] [Storage] Storage Alloc: 32 B on Hardware[1]
[2026-03-14 17:05:13] [INFO ] [Thread 139718885214144] New {Jade<"1D", 64-bit; 32Bytes> (1)} Filled with 0.000000's.
[2026-03-14 17:05:13] [INFO ] [Thread 139718885214144] Copied {Jade<"2D", 64-bit; 96Bytes> (2,4)} Into {Jade<"2D", 64-bit; 96Bytes> (2,4)}
[2026-03-14 17:05:13] [DEBUG] [Thread 139718885214144] [Dispatcher] Executed Unary Reduction Reaction: OpCode=0x10
[2026-03-14 17:05:13] [DEBUG] [Thread 139718885214144] [CPU Allocator] Deallocated Memory.
[2026-03-14 17:05:13] [INFO ] [Thread 139718885214144] [Storage] Storage Freed. 0B
[2026-03-14 17:05:13] [DEBUG] [Thread 139718885214144] [CPU Allocator] Allocated Memory: fulfilled the requested 32 B. 
[2026-03-14 17:05:13] [INFO ] [Thread 139718885214144] [Storage] Storage Alloc: 32 B on Hardware[1]
[2026-03-14 17:05:13] [INFO ] [Thread 139718885214144] New {Jade<"1D", 64-bit; 32Bytes> (1)} Filled with 0.000000's.
[2026-03-14 17:05:13] [INFO ] [Thread 139718885214144] Copied {Jade<"2D", 64-bit; 96Bytes> (2,4)} Into {Jade<"2D", 64-bit; 96Bytes> (2,4)}
[2026-03-14 17:05:13] [DEBUG] [Thread 139718885214144] [Dispatcher] Executed Unary Reduction Reaction: OpCode=0xf
[2026-03-14 17:05:13] [DEBUG] [Thread 139718885214144] [CPU Allocator] Deallocated Memory.
[2026-03-14 17:05:13] [INFO ] [Thread 139718885214144] [Storage] Storage Freed. 0B
[2026-03-14 17:05:13] [DEBUG] [Thread 139718885214144] [CPU Allocator] Allocated Memory: fulfilled the requested 32 B. 
[2026-03-14 17:05:13] [INFO ] [Thread 139718885214144] [Storage] Storage Alloc: 32 B on Hardware[1]
[2026-03-14 17:05:13] [INFO ] [Thread 139718885214144] New {Jade<"1D", 64-bit; 32Bytes> (1)} Filled with 0.000000's.
[2026-03-14 17:05:13] [INFO ] [Thread 139718885214144] Copied {Jade<"2D", 64-bit; 96Bytes> (2,4)} Into {Jade<"2D", 64-bit; 96Bytes> (2,4)}
[2026-03-14 17:05:13] [DEBUG] [Thread 139718885214144] [Dispatcher] Executed Unary Reduction Reaction: OpCode=0xf
[2026-03-14 17:05:13] [DEBUG] [Thread 139718885214144] [CPU Allocator] Deallocated Memory.
[2026-03-14 17:05:13] [INFO ] [Thread 139718885214144] [Storage] Storage Freed. 0B
[2026-03-14 17:05:13] [DEBUG] [Thread 139718885214144] [CPU Allocator] Deallocated Memory.
[2026-03-14 17:05:13] [INFO ] [Thread 139718885214144] [Storage] Storage Freed. 0B
[2026-03-14 17:05:13] [INFO ] [Thread 139718885214144] PHASE 4
[2026-03-14 17:05:13] [DEBUG] [Thread 139718885214144] [CPU Allocator] Allocated Memory: fulfilled the requested 640 B. 
[2026-03-14 17:05:13] [INFO ] [Thread 139718885214144] [Storage] Storage Alloc: 640 B on Hardware[1]
[2026-03-14 17:05:13] [DEBUG] [Thread 139718885214144] [Scalar Reactor] Shape (4, 4, 4) --> Shape (64).

[2026-03-14 17:05:13] [INFO ] [Thread 139718885214144] [Scalar Reactor] New ndims: 1.
[2026-03-14 17:05:13] [INFO ] [Thread 139718885214144] [Scalar Reactor] Saved Reactor Settings Successfully.
[2026-03-14 17:05:13] [DEBUG] [Thread 139718885214144] [Dispatcher] Executed Scalar Reaction: OpCode=0x5
[2026-03-14 17:05:13] [INFO ] [Thread 139718885214144] New {Jade<"3D", 64-bit; 640Bytes> (4,4,4)} Filled with 1.000000's.
[2026-03-14 17:05:13] [DEBUG] [Thread 139718885214144] [CPU Allocator] Allocated Memory: fulfilled the requested 64 B. 
[2026-03-14 17:05:13] [INFO ] [Thread 139718885214144] [Storage] Storage Alloc: 64 B on Hardware[1]
[2026-03-14 17:05:13] [DEBUG] [Thread 139718885214144] [Scalar Reactor] Shape (4) --> Shape (4).

[2026-03-14 17:05:13] [INFO ] [Thread 139718885214144] [Scalar Reactor] New ndims: 1.
[2026-03-14 17:05:13] [INFO ] [Thread 139718885214144] [Scalar Reactor] Saved Reactor Settings Successfully.
[2026-03-14 17:05:13] [DEBUG] [Thread 139718885214144] [Dispatcher] Executed Scalar Reaction: OpCode=0x5
[2026-03-14 17:05:13] [INFO ] [Thread 139718885214144] New {Jade<"1D", 64-bit; 64Bytes> (4)} Filled with 5.000000's.
[2026-03-14 17:05:13] [INFO ] [Thread 139718885214144] Copied {Jade<"1D", 64-bit; 64Bytes> (4)} Into {Jade<"1D", 64-bit; 64Bytes> (4)}
[2026-03-14 17:05:13] [INFO ] [Thread 139718885214144] Copied {Jade<"3D", 64-bit; 640Bytes> (4,4,4)} Into {Jade<"3D", 64-bit; 640Bytes> (4,4,4)}
[2026-03-14 17:05:13] [DEBUG] [Thread 139718885214144] [CPU Allocator] Allocated Memory: fulfilled the requested 640 B. 
[2026-03-14 17:05:13] [INFO ] [Thread 139718885214144] [Storage] Storage Alloc: 640 B on Hardware[1]
[2026-03-14 17:05:13] [INFO ] [Thread 139718885214144] New {Jade<"3D", 64-bit; 640Bytes> (4,4,4)} Filled with 0.000000's.
[2026-03-14 17:05:13] [DEBUG] [Thread 139718885214144] [Binary Reactor] Shape (4, 4, 4) [+] Shape (4)  --> Shape (16, 4).
[2026-03-14 17:05:13] [INFO ] [Thread 139718885214144] [Binary Reactor] New ndims: 2.
[2026-03-14 17:05:13] [INFO ] [Thread 139718885214144] [Binary Reactor] Saved Reactor Settings Successfully.
[2026-03-14 17:05:13] [INFO ] [Thread 139718885214144] [CPU Invoker] Performing Contiguous Jade Binary Reaction. Reactor Ndims=2.
[2026-03-14 17:05:13] [DEBUG] [Thread 139718885214144] [Dispatcher] Executed Binary Reaction: OpCode=0x6
[2026-03-14 17:05:13] [DEBUG] [Thread 139718885214144] [CPU Allocator] Allocated Memory: fulfilled the requested 32 B. 
[2026-03-14 17:05:13] [INFO ] [Thread 139718885214144] [Storage] Storage Alloc: 32 B on Hardware[1]
[2026-03-14 17:05:13] [INFO ] [Thread 139718885214144] New {Jade<"1D", 64-bit; 32Bytes> (1)} Filled with 0.000000's.
[2026-03-14 17:05:13] [DEBUG] [Thread 139718885214144] [Dispatcher] Executed Unary Reduction Reaction: OpCode=0x10
[2026-03-14 17:05:13] [DEBUG] [Thread 139718885214144] [CPU Allocator] Deallocated Memory.
[2026-03-14 17:05:13] [INFO ] [Thread 139718885214144] [Storage] Storage Freed. 0B
[2026-03-14 17:05:13] [DEBUG] [Thread 139718885214144] [CPU Allocator] Allocated Memory: fulfilled the requested 32 B. 
[2026-03-14 17:05:13] [INFO ] [Thread 139718885214144] [Storage] Storage Alloc: 32 B on Hardware[1]
[2026-03-14 17:05:13] [INFO ] [Thread 139718885214144] New {Jade<"1D", 64-bit; 32Bytes> (1)} Filled with 0.000000's.
[2026-03-14 17:05:13] [DEBUG] [Thread 139718885214144] [Dispatcher] Executed Unary Reduction Reaction: OpCode=0x11
[2026-03-14 17:05:13] [DEBUG] [Thread 139718885214144] [CPU Allocator] Deallocated Memory.
[2026-03-14 17:05:13] [INFO ] [Thread 139718885214144] [Storage] Storage Freed. 0B
[2026-03-14 17:05:13] [DEBUG] [Thread 139718885214144] [CPU Allocator] Allocated Memory: fulfilled the requested 160 B. 
[2026-03-14 17:05:13] [INFO ] [Thread 139718885214144] [Storage] Storage Alloc: 160 B on Hardware[1]
[2026-03-14 17:05:13] [DEBUG] [Thread 139718885214144] [Scalar Reactor] Shape (4, 1, 4) --> Shape (16).

[2026-03-14 17:05:13] [INFO ] [Thread 139718885214144] [Scalar Reactor] New ndims: 1.
[2026-03-14 17:05:13] [INFO ] [Thread 139718885214144] [Scalar Reactor] Saved Reactor Settings Successfully.
[2026-03-14 17:05:13] [DEBUG] [Thread 139718885214144] [Dispatcher] Executed Scalar Reaction: OpCode=0x5
[2026-03-14 17:05:13] [INFO ] [Thread 139718885214144] New {Jade<"3D", 64-bit; 160Bytes> (4,1,4)} Filled with 10.000000's.
[2026-03-14 17:05:13] [INFO ] [Thread 139718885214144] Copied {Jade<"3D", 64-bit; 160Bytes> (4,1,4)} Into {Jade<"3D", 64-bit; 160Bytes> (4,1,4)}
[2026-03-14 17:05:13] [INFO ] [Thread 139718885214144] Copied {Jade<"3D", 64-bit; 640Bytes> (4,4,4)} Into {Jade<"3D", 64-bit; 640Bytes> (4,4,4)}
[2026-03-14 17:05:13] [DEBUG] [Thread 139718885214144] [CPU Allocator] Allocated Memory: fulfilled the requested 640 B. 
[2026-03-14 17:05:13] [INFO ] [Thread 139718885214144] [Storage] Storage Alloc: 640 B on Hardware[1]
[2026-03-14 17:05:13] [INFO ] [Thread 139718885214144] New {Jade<"3D", 64-bit; 640Bytes> (4,4,4)} Filled with 0.000000's.
[2026-03-14 17:05:13] [DEBUG] [Thread 139718885214144] [Binary Reactor] Shape (4, 4, 4) [+] Shape (4, 1, 4)  --> Shape (4, 4, 4).
[2026-03-14 17:05:13] [INFO ] [Thread 139718885214144] [Binary Reactor] New ndims: 3.
[2026-03-14 17:05:13] [INFO ] [Thread 139718885214144] [Binary Reactor] Saved Reactor Settings Successfully.
[2026-03-14 17:05:13] [INFO ] [Thread 139718885214144] [CPU Invoker] Performing Contiguous Jade Binary Reaction. Reactor Ndims=3.
[2026-03-14 17:05:13] [DEBUG] [Thread 139718885214144] [Dispatcher] Executed Binary Reaction: OpCode=0x6
[2026-03-14 17:05:13] [DEBUG] [Thread 139718885214144] [CPU Allocator] Allocated Memory: fulfilled the requested 32 B. 
[2026-03-14 17:05:13] [INFO ] [Thread 139718885214144] [Storage] Storage Alloc: 32 B on Hardware[1]
[2026-03-14 17:05:13] [INFO ] [Thread 139718885214144] New {Jade<"1D", 64-bit; 32Bytes> (1)} Filled with 0.000000's.
[2026-03-14 17:05:13] [DEBUG] [Thread 139718885214144] [Dispatcher] Executed Unary Reduction Reaction: OpCode=0x10
[2026-03-14 17:05:13] [DEBUG] [Thread 139718885214144] [CPU Allocator] Deallocated Memory.
[2026-03-14 17:05:13] [INFO ] [Thread 139718885214144] [Storage] Storage Freed. 0B
[2026-03-14 17:05:13] [INFO ] [Thread 139718885214144] Copied {Jade<"1D", 64-bit; 64Bytes> (4)} Into {Jade<"1D", 64-bit; 64Bytes> (4)}
[2026-03-14 17:05:13] [INFO ] [Thread 139718885214144] Copied {Jade<"3D", 64-bit; 640Bytes> (4,4,4)} Into {Jade<"3D", 64-bit; 640Bytes> (4,4,4)}
[2026-03-14 17:05:13] [DEBUG] [Thread 139718885214144] [CPU Allocator] Allocated Memory: fulfilled the requested 640 B. 
[2026-03-14 17:05:13] [INFO ] [Thread 139718885214144] [Storage] Storage Alloc: 640 B on Hardware[1]
[2026-03-14 17:05:13] [INFO ] [Thread 139718885214144] New {Jade<"3D", 64-bit; 640Bytes> (4,4,4)} Filled with 0.000000's.
[2026-03-14 17:05:13] [DEBUG] [Thread 139718885214144] [Binary Reactor] Shape (4, 4, 4) [+] Shape (4)  --> Shape (16, 4).
[2026-03-14 17:05:13] [INFO ] [Thread 139718885214144] [Binary Reactor] New ndims: 2.
[2026-03-14 17:05:13] [INFO ] [Thread 139718885214144] [Binary Reactor] Saved Reactor Settings Successfully.
[2026-03-14 17:05:13] [INFO ] [Thread 139718885214144] [CPU Invoker] Performing Contiguous Jade Binary Reaction. Reactor Ndims=2.
[2026-03-14 17:05:13] [DEBUG] [Thread 139718885214144] [Dispatcher] Executed Binary Reaction: OpCode=0x2
[2026-03-14 17:05:13] [DEBUG] [Thread 139718885214144] [CPU Allocator] Allocated Memory: fulfilled the requested 32 B. 
[2026-03-14 17:05:13] [INFO ] [Thread 139718885214144] [Storage] Storage Alloc: 32 B on Hardware[1]
[2026-03-14 17:05:13] [INFO ] [Thread 139718885214144] New {Jade<"1D", 64-bit; 32Bytes> (1)} Filled with 0.000000's.
[2026-03-14 17:05:13] [DEBUG] [Thread 139718885214144] [Dispatcher] Executed Unary Reduction Reaction: OpCode=0xf
[2026-03-14 17:05:13] [DEBUG] [Thread 139718885214144] [CPU Allocator] Deallocated Memory.
[2026-03-14 17:05:13] [INFO ] [Thread 139718885214144] [Storage] Storage Freed. 0B
[2026-03-14 17:05:13] [DEBUG] [Thread 139718885214144] [CPU Allocator] Deallocated Memory.
[2026-03-14 17:05:13] [INFO ] [Thread 139718885214144] [Storage] Storage Freed. 0B
[2026-03-14 17:05:13] [DEBUG] [Thread 139718885214144] [CPU Allocator] Deallocated Memory.
[2026-03-14 17:05:13] [INFO ] [Thread 139718885214144] [Storage] Storage Freed. 0B
[2026-03-14 17:05:13] [DEBUG] [Thread 139718885214144] [CPU Allocator] Deallocated Memory.
[2026-03-14 17:05:13] [INFO ] [Thread 139718885214144] [Storage] Storage Freed. 0B
[2026-03-14 17:05:13] [DEBUG] [Thread 139718885214144] [CPU Allocator] Deallocated Memory.
[2026-03-14 17:05:13] [INFO ] [Thread 139718885214144] [Storage] Storage Freed. 0B
[2026-03-14 17:05:13] [DEBUG] [Thread 139718885214144] [CPU Allocator] Deallocated Memory.
[2026-03-14 17:05:13] [INFO ] [Thread 139718885214144] [Storage] Storage Freed. 0B
[2026-03-14 17:05:13] [DEBUG] [Thread 139718885214144] [CPU Allocator] Deallocated Memory.
[2026-03-14 17:05:13] [INFO ] [Thread 139718885214144] [Storage] Storage Freed. 0B
[2026-03-14 17:05:13] [INFO ] [Thread 139718885214144] PHASE 5
[2026-03-14 17:05:13] [DEBUG] [Thread 139718885214144] [CPU Allocator] Allocated Memory: fulfilled the requested 64 B. 
[2026-03-14 17:05:13] [INFO ] [Thread 139718885214144] [Storage] Storage Alloc: 64 B on Hardware[1]
[2026-03-14 17:05:13] [INFO ] [Thread 139718885214144] New {Jade<"2D", 64-bit; 64Bytes> (2,3)} Filled with 0.000000's.
[2026-03-14 17:05:13] [DEBUG] [Thread 139718885214144] [CPU Allocator] Allocated Memory: fulfilled the requested 64 B. 
[2026-03-14 17:05:13] [INFO ] [Thread 139718885214144] [Storage] Storage Alloc: 64 B on Hardware[1]
[2026-03-14 17:05:13] [INFO ] [Thread 139718885214144] New {Jade<"2D", 64-bit; 64Bytes> (3,2)} Filled with 0.000000's.
[2026-03-14 17:05:13] [INFO ] [Thread 139718885214144] Copied {Jade<"2D", 64-bit; 64Bytes> (2,3)} Into {Jade<"2D", 64-bit; 64Bytes> (2,3)}
[2026-03-14 17:05:13] [INFO ] [Thread 139718885214144] Copied {Jade<"2D", 64-bit; 64Bytes> (3,2)} Into {Jade<"2D", 64-bit; 64Bytes> (3,2)}
[2026-03-14 17:05:13] [DEBUG] [Thread 139718885214144] [CPU Allocator] Allocated Memory: fulfilled the requested 64 B. 
[2026-03-14 17:05:13] [INFO ] [Thread 139718885214144] [Storage] Storage Alloc: 64 B on Hardware[1]
[2026-03-14 17:05:13] [INFO ] [Thread 139718885214144] New {Jade<"2D", 64-bit; 64Bytes> (2,2)} Filled with 0.000000's.
[2026-03-14 17:05:13] [INFO ] [Thread 139718885214144] [MatMul Reactor] Saved Reactor Settings Successfully.
[2026-03-14 17:05:13] [INFO ] [Thread 139718885214144] [CPU Invoker] Performing Contiguous Jade MatMul Reaction. Reactor Ndims 2.
[2026-03-14 17:05:13] [DEBUG] [Thread 139718885214144] [Dispatcher] Executed Binary Reaction: OpCode=0x4
[2026-03-14 17:05:13] [DEBUG] [Thread 139718885214144] [CPU Allocator] Allocated Memory: fulfilled the requested 2016 B. 
[2026-03-14 17:05:13] [INFO ] [Thread 139718885214144] [Storage] Storage Alloc: 2016 B on Hardware[1]
[2026-03-14 17:05:13] [DEBUG] [Thread 139718885214144] [Scalar Reactor] Shape (10, 5, 4) --> Shape (200).

[2026-03-14 17:05:13] [INFO ] [Thread 139718885214144] [Scalar Reactor] New ndims: 1.
[2026-03-14 17:05:13] [INFO ] [Thread 139718885214144] [Scalar Reactor] Saved Reactor Settings Successfully.
[2026-03-14 17:05:13] [DEBUG] [Thread 139718885214144] [Dispatcher] Executed Scalar Reaction: OpCode=0x5
[2026-03-14 17:05:13] [INFO ] [Thread 139718885214144] New {Jade<"3D", 64-bit; 2016Bytes> (10,5,4)} Filled with 1.000000's.
[2026-03-14 17:05:13] [DEBUG] [Thread 139718885214144] [CPU Allocator] Allocated Memory: fulfilled the requested 256 B. 
[2026-03-14 17:05:13] [INFO ] [Thread 139718885214144] [Storage] Storage Alloc: 256 B on Hardware[1]
[2026-03-14 17:05:13] [DEBUG] [Thread 139718885214144] [Scalar Reactor] Shape (4, 6) --> Shape (24).

[2026-03-14 17:05:13] [INFO ] [Thread 139718885214144] [Scalar Reactor] New ndims: 1.
[2026-03-14 17:05:13] [INFO ] [Thread 139718885214144] [Scalar Reactor] Saved Reactor Settings Successfully.
[2026-03-14 17:05:13] [DEBUG] [Thread 139718885214144] [Dispatcher] Executed Scalar Reaction: OpCode=0x5
[2026-03-14 17:05:13] [INFO ] [Thread 139718885214144] New {Jade<"2D", 64-bit; 256Bytes> (4,6)} Filled with 1.000000's.
[2026-03-14 17:05:13] [INFO ] [Thread 139718885214144] Copied {Jade<"3D", 64-bit; 2016Bytes> (10,5,4)} Into {Jade<"3D", 64-bit; 2016Bytes> (10,5,4)}
[2026-03-14 17:05:13] [INFO ] [Thread 139718885214144] Copied {Jade<"2D", 64-bit; 256Bytes> (4,6)} Into {Jade<"2D", 64-bit; 256Bytes> (4,6)}
[2026-03-14 17:05:13] [DEBUG] [Thread 139718885214144] [CPU Allocator] Allocated Memory: fulfilled the requested 3008 B. 
[2026-03-14 17:05:13] [INFO ] [Thread 139718885214144] [Storage] Storage Alloc: 3008 B on Hardware[1]
[2026-03-14 17:05:13] [INFO ] [Thread 139718885214144] New {Jade<"3D", 64-bit; 3008Bytes> (10,5,6)} Filled with 0.000000's.
[2026-03-14 17:05:13] [INFO ] [Thread 139718885214144] [MatMul Reactor] Saved Reactor Settings Successfully.
[2026-03-14 17:05:13] [INFO ] [Thread 139718885214144] [CPU Invoker] Performing Contiguous Jade MatMul Reaction. Reactor Ndims 3.
[2026-03-14 17:05:13] [DEBUG] [Thread 139718885214144] [Dispatcher] Executed Binary Reaction: OpCode=0x4
[2026-03-14 17:05:13] [DEBUG] [Thread 139718885214144] [CPU Allocator] Deallocated Memory.
[2026-03-14 17:05:13] [INFO ] [Thread 139718885214144] [Storage] Storage Freed. 0B
[2026-03-14 17:05:13] [DEBUG] [Thread 139718885214144] [CPU Allocator] Deallocated Memory.
[2026-03-14 17:05:13] [INFO ] [Thread 139718885214144] [Storage] Storage Freed. 0B
[2026-03-14 17:05:13] [DEBUG] [Thread 139718885214144] [CPU Allocator] Deallocated Memory.
[2026-03-14 17:05:13] [INFO ] [Thread 139718885214144] [Storage] Storage Freed. 0B
[2026-03-14 17:05:13] [DEBUG] [Thread 139718885214144] [CPU Allocator] Deallocated Memory.
[2026-03-14 17:05:13] [INFO ] [Thread 139718885214144] [Storage] Storage Freed. 0B
[2026-03-14 17:05:13] [DEBUG] [Thread 139718885214144] [CPU Allocator] Deallocated Memory.
[2026-03-14 17:05:13] [INFO ] [Thread 139718885214144] [Storage] Storage Freed. 0B
[2026-03-14 17:05:13] [DEBUG] [Thread 139718885214144] [CPU Allocator] Deallocated Memory.
[2026-03-14 17:05:13] [INFO ] [Thread 139718885214144] [Storage] Storage Freed. 0B
[2026-03-14 17:05:13] [INFO ] [Thread 139718885214144] PHASE 6
[2026-03-14 17:05:13] [DEBUG] [Thread 139718885214144] [CPU Allocator] Allocated Memory: fulfilled the requested 256 B. 
[2026-03-14 17:05:13] [INFO ] [Thread 139718885214144] [Storage] Storage Alloc: 256 B on Hardware[1]
[2026-03-14 17:05:13] [INFO ] [Thread 139718885214144] New {Jade<"1D", 64-bit; 256Bytes> (24)} Filled with 0.000000's.
[2026-03-14 17:05:13] [DEBUG] [Thread 139718885214144] [Unary Reactor] Shape (24) --> Shape (24).

[2026-03-14 17:05:13] [INFO ] [Thread 139718885214144] [Unary Reactor] New ndims: 1.
[2026-03-14 17:05:13] [INFO ] [Thread 139718885214144] [Unary Reactor] Saved Reactor Settings Successfully.
[2026-03-14 17:05:13] [DEBUG] [Thread 139718885214144] [Dispatcher] Executed Unary Reaction: OpCode=0xd
[2026-03-14 17:05:13] [INFO ] [Thread 139718885214144] Reshaped Jade from {Jade<"1D", 64-bit; 256Bytes> (24)} Into {Jade<"3D", 64-bit; 256Bytes> (2,3,4)}
[2026-03-14 17:05:13] [INFO ] [Thread 139718885214144] Copied {Jade<"3D", 64-bit; 256Bytes> (2,3,4)} Into {Jade<"3D", 64-bit; 256Bytes> (2,3,4)}
[2026-03-14 17:05:13] [INFO ] [Thread 139718885214144] Transposed {Jade<"3D", 64-bit; 256Bytes> (2,3,4)} into {Jade<"3D", 64-bit; 256Bytes> (4,3,2)}.
[2026-03-14 17:05:13] [DEBUG] [Thread 139718885214144] [CPU Allocator] Allocated Memory: fulfilled the requested 256 B. 
[2026-03-14 17:05:13] [INFO ] [Thread 139718885214144] [Storage] Storage Alloc: 256 B on Hardware[1]
[2026-03-14 17:05:13] [INFO ] [Thread 139718885214144] New {Jade<"3D", 64-bit; 256Bytes> (2,3,4)} Filled with 0.000000's.
[2026-03-14 17:05:13] [DEBUG] [Thread 139718885214144] [Unary Reactor] Shape (2, 3, 4) --> Shape (24).

[2026-03-14 17:05:13] [INFO ] [Thread 139718885214144] [Unary Reactor] New ndims: 1.
[2026-03-14 17:05:13] [INFO ] [Thread 139718885214144] [Unary Reactor] Saved Reactor Settings Successfully.
[2026-03-14 17:05:13] [INFO ] [Thread 139718885214144] [CPU Invoker] Performing Contiguous Jade Unary Reaction. Reactor Ndims=1.
[2026-03-14 17:05:13] [DEBUG] [Thread 139718885214144] [Dispatcher] Executed Unary Reaction: OpCode=0x3
[2026-03-14 17:05:13] [INFO ] [Thread 139718885214144] Reshaped Jade from {Jade<"3D", 64-bit; 256Bytes> (2,3,4)} Into {Jade<"1D", 64-bit; 256Bytes> (24)}
[2026-03-14 17:05:13] [DEBUG] [Thread 139718885214144] [CPU Allocator] Allocated Memory: fulfilled the requested 32 B. 
[2026-03-14 17:05:13] [INFO ] [Thread 139718885214144] [Storage] Storage Alloc: 32 B on Hardware[1]
[2026-03-14 17:05:13] [DEBUG] [Thread 139718885214144] [Scalar Reactor] Shape (2) --> Shape (2).

[2026-03-14 17:05:13] [INFO ] [Thread 139718885214144] [Scalar Reactor] New ndims: 1.
[2026-03-14 17:05:13] [INFO ] [Thread 139718885214144] [Scalar Reactor] Saved Reactor Settings Successfully.
[2026-03-14 17:05:13] [DEBUG] [Thread 139718885214144] [Dispatcher] Executed Scalar Reaction: OpCode=0x5
[2026-03-14 17:05:13] [INFO ] [Thread 139718885214144] New {Jade<"1D", 64-bit; 32Bytes> (2)} Filled with 1.000000's.
[2026-03-14 17:05:13] [DEBUG] [Thread 139718885214144] [CPU Allocator] Allocated Memory: fulfilled the requested 64 B. 
[2026-03-14 17:05:13] [INFO ] [Thread 139718885214144] [Storage] Storage Alloc: 64 B on Hardware[1]
[2026-03-14 17:05:13] [INFO ] [Thread 139718885214144] New {Jade<"1D", 64-bit; 64Bytes> (4)} Filled with 0.000000's.
[2026-03-14 17:05:13] [INFO ] [Thread 139718885214144] Copied {Jade<"1D", 64-bit; 64Bytes> (4)} Into {Jade<"1D", 64-bit; 64Bytes> (4)}
[2026-03-14 17:05:13] [DEBUG] [Thread 139718885214144] [Unary Reactor] Shape (2) --> Shape (2).

[2026-03-14 17:05:13] [INFO ] [Thread 139718885214144] [Unary Reactor] New ndims: 1.
[2026-03-14 17:05:13] [INFO ] [Thread 139718885214144] [Unary Reactor] Saved Reactor Settings Successfully.
[2026-03-14 17:05:13] [INFO ] [Thread 139718885214144] [CPU Invoker] Performing Contiguous Jade Unary Reaction. Reactor Ndims=1.
[2026-03-14 17:05:13] [DEBUG] [Thread 139718885214144] [Dispatcher] Executed Unary Reaction: OpCode=0x3
[2026-03-14 17:05:13] [DEBUG] [Thread 139718885214144] [CPU Allocator] Deallocated Memory.
[2026-03-14 17:05:13] [INFO ] [Thread 139718885214144] [Storage] Storage Freed. 0B
[2026-03-14 17:05:13] [DEBUG] [Thread 139718885214144] [CPU Allocator] Deallocated Memory.
[2026-03-14 17:05:13] [INFO ] [Thread 139718885214144] [Storage] Storage Freed. 0B
[2026-03-14 17:05:13] [DEBUG] [Thread 139718885214144] [CPU Allocator] Deallocated Memory.
[2026-03-14 17:05:13] [INFO ] [Thread 139718885214144] [Storage] Storage Freed. 0B
[2026-03-14 17:05:13] [DEBUG] [Thread 139718885214144] [CPU Allocator] Deallocated Memory.
[2026-03-14 17:05:13] [INFO ] [Thread 139718885214144] [Storage] Storage Freed. 0B
[2026-03-14 17:05:13] [INFO ] [Thread 139718885214144] PHASE 7
[2026-03-14 17:05:13] [DEBUG] [Thread 139718885214144] [CPU Allocator] Allocated Memory: fulfilled the requested 1024 B. 
[2026-03-14 17:05:13] [INFO ] [Thread 139718885214144] [Storage] Storage Alloc: 1024 B on Hardware[1]
[2026-03-14 17:05:13] [DEBUG] [Thread 139718885214144] [Scalar Reactor] Shape (10, 10) --> Shape (100).

[2026-03-14 17:05:13] [INFO ] [Thread 139718885214144] [Scalar Reactor] New ndims: 1.
[2026-03-14 17:05:13] [INFO ] [Thread 139718885214144] [Scalar Reactor] Saved Reactor Settings Successfully.
[2026-03-14 17:05:13] [DEBUG] [Thread 139718885214144] [Dispatcher] Executed Scalar Reaction: OpCode=0x5
[2026-03-14 17:05:13] [INFO ] [Thread 139718885214144] New {Jade<"2D", 64-bit; 1024Bytes> (10,10)} Filled with 1.000000's.
[2026-03-14 17:05:13] [INFO ] [Thread 139718885214144] Copied {Jade<"2D", 64-bit; 1024Bytes> (10,10)} Into {Jade<"2D", 64-bit; 1024Bytes> (10,10)}
[2026-03-14 17:05:13] [DEBUG] [Thread 139718885214144] [CPU Allocator] Allocated Memory: fulfilled the requested 256 B. 
[2026-03-14 17:05:13] [INFO ] [Thread 139718885214144] [Storage] Storage Alloc: 256 B on Hardware[1]
[2026-03-14 17:05:13] [DEBUG] [Thread 139718885214144] [Scalar Reactor] Shape (5, 5) --> Shape (25).

[2026-03-14 17:05:13] [INFO ] [Thread 139718885214144] [Scalar Reactor] New ndims: 1.
[2026-03-14 17:05:13] [INFO ] [Thread 139718885214144] [Scalar Reactor] Saved Reactor Settings Successfully.
[2026-03-14 17:05:13] [DEBUG] [Thread 139718885214144] [Dispatcher] Executed Scalar Reaction: OpCode=0x5
[2026-03-14 17:05:13] [INFO ] [Thread 139718885214144] New {Jade<"2D", 64-bit; 256Bytes> (5,5)} Filled with 9.000000's.
[2026-03-14 17:05:13] [DEBUG] [Thread 139718885214144] [Binary Reactor] Shape (5, 5) [+] Shape (5, 5)  --> Shape (5, 5).
[2026-03-14 17:05:13] [INFO ] [Thread 139718885214144] [Binary Reactor] New ndims: 2.
[2026-03-14 17:05:13] [INFO ] [Thread 139718885214144] [Binary Reactor] Saved Reactor Settings Successfully.
[2026-03-14 17:05:13] [INFO ] [Thread 139718885214144] [CPU Invoker] Performing Contiguous Jade Binary Reaction. Reactor Ndims=2.
[2026-03-14 17:05:13] [DEBUG] [Thread 139718885214144] [Dispatcher] Executed Binary Reaction: OpCode=0x6
[2026-03-14 17:05:13] [DEBUG] [Thread 139718885214144] [CPU Allocator] Deallocated Memory.
[2026-03-14 17:05:13] [INFO ] [Thread 139718885214144] [Storage] Storage Freed. 0B
[2026-03-14 17:05:13] [DEBUG] [Thread 139718885214144] [CPU Allocator] Allocated Memory: fulfilled the requested 256 B. 
[2026-03-14 17:05:13] [INFO ] [Thread 139718885214144] [Storage] Storage Alloc: 256 B on Hardware[1]
[2026-03-14 17:05:13] [DEBUG] [Thread 139718885214144] [Scalar Reactor] Shape (5, 5) --> Shape (25).

[2026-03-14 17:05:13] [INFO ] [Thread 139718885214144] [Scalar Reactor] New ndims: 1.
[2026-03-14 17:05:13] [INFO ] [Thread 139718885214144] [Scalar Reactor] Saved Reactor Settings Successfully.
[2026-03-14 17:05:13] [DEBUG] [Thread 139718885214144] [Dispatcher] Executed Scalar Reaction: OpCode=0x5
[2026-03-14 17:05:13] [INFO ] [Thread 139718885214144] New {Jade<"2D", 64-bit; 256Bytes> (5,5)} Filled with 2.000000's.
[2026-03-14 17:05:13] [DEBUG] [Thread 139718885214144] [Binary Reactor] Shape (5, 5) [+] Shape (5, 5)  --> Shape (5, 5).
[2026-03-14 17:05:13] [INFO ] [Thread 139718885214144] [Binary Reactor] New ndims: 2.
[2026-03-14 17:05:13] [INFO ] [Thread 139718885214144] [Binary Reactor] Saved Reactor Settings Successfully.
[2026-03-14 17:05:13] [INFO ] [Thread 139718885214144] [CPU Invoker] Performing Contiguous Jade Binary Reaction. Reactor Ndims=2.
[2026-03-14 17:05:13] [DEBUG] [Thread 139718885214144] [Dispatcher] Executed Binary Reaction: OpCode=0x2
[2026-03-14 17:05:13] [DEBUG] [Thread 139718885214144] [CPU Allocator] Deallocated Memory.
[2026-03-14 17:05:13] [INFO ] [Thread 139718885214144] [Storage] Storage Freed. 0B
[2026-03-14 17:05:13] [DEBUG] [Thread 139718885214144] [CPU Allocator] Allocated Memory: fulfilled the requested 256 B. 
[2026-03-14 17:05:13] [INFO ] [Thread 139718885214144] [Storage] Storage Alloc: 256 B on Hardware[1]
[2026-03-14 17:05:13] [DEBUG] [Thread 139718885214144] [Scalar Reactor] Shape (5, 5) --> Shape (25).

[2026-03-14 17:05:13] [INFO ] [Thread 139718885214144] [Scalar Reactor] New ndims: 1.
[2026-03-14 17:05:13] [INFO ] [Thread 139718885214144] [Scalar Reactor] Saved Reactor Settings Successfully.
[2026-03-14 17:05:13] [DEBUG] [Thread 139718885214144] [Dispatcher] Executed Scalar Reaction: OpCode=0x5
[2026-03-14 17:05:13] [INFO ] [Thread 139718885214144] New {Jade<"2D", 64-bit; 256Bytes> (5,5)} Filled with 5.000000's.
[2026-03-14 17:05:13] [DEBUG] [Thread 139718885214144] [Binary Reactor] Shape (5, 5) [+] Shape (5, 5)  --> Shape (5, 5).
[2026-03-14 17:05:13] [INFO ] [Thread 139718885214144] [Binary Reactor] New ndims: 2.
[2026-03-14 17:05:13] [INFO ] [Thread 139718885214144] [Binary Reactor] Saved Reactor Settings Successfully.
[2026-03-14 17:05:13] [INFO ] [Thread 139718885214144] [CPU Invoker] Performing Contiguous Jade Binary Reaction. Reactor Ndims=2.
[2026-03-14 17:05:13] [DEBUG] [Thread 139718885214144] [Dispatcher] Executed Binary Reaction: OpCode=0x1
[2026-03-14 17:05:13] [DEBUG] [Thread 139718885214144] [CPU Allocator] Deallocated Memory.
[2026-03-14 17:05:13] [INFO ] [Thread 139718885214144] [Storage] Storage Freed. 0B
[2026-03-14 17:05:13] [DEBUG] [Thread 139718885214144] [CPU Allocator] Deallocated Memory.
[2026-03-14 17:05:13] [INFO ] [Thread 139718885214144] [Storage] Storage Freed. 0B
[2026-03-14 17:05:13] [DEBUG] [Thread 139718885214144] [CPU Allocator] Allocated Memory: fulfilled the requested 10000000 B. 
[2026-03-14 17:05:13] [INFO ] [Thread 139718885214144] [Storage] Storage Alloc: 10000000 B on Hardware[1]
[2026-03-14 17:05:13] [INFO ] [Thread 139718885214144] New {Jade<"1D", 64-bit; 10000000Bytes> (1000000)} Filled with 0.000000's.
[2026-03-14 17:05:13] [DEBUG] [Thread 139718885214144] [Unary Reactor] Shape (1000000) --> Shape (1000000).

[2026-03-14 17:05:13] [INFO ] [Thread 139718885214144] [Unary Reactor] New ndims: 1.
[2026-03-14 17:05:13] [INFO ] [Thread 139718885214144] [Unary Reactor] Saved Reactor Settings Successfully.
[2026-03-14 17:05:13] [DEBUG] [Thread 139718885214144] [Dispatcher] Executed Unary Reaction: OpCode=0xd
[2026-03-14 17:05:13] [INFO ] [Thread 139718885214144] Reshaped Jade from {Jade<"1D", 64-bit; 10000000Bytes> (1000000)} Into {Jade<"3D", 64-bit; 10000000Bytes> (10,100,1000)}
[2026-03-14 17:05:13] [DEBUG] [Thread 139718885214144] [CPU Allocator] Allocated Memory: fulfilled the requested 500000 B. 
[2026-03-14 17:05:13] [INFO ] [Thread 139718885214144] [Storage] Storage Alloc: 500000 B on Hardware[1]
[2026-03-14 17:05:13] [DEBUG] [Thread 139718885214144] [Scalar Reactor] Shape (1000, 50) --> Shape (50000).

[2026-03-14 17:05:13] [INFO ] [Thread 139718885214144] [Scalar Reactor] New ndims: 1.
[2026-03-14 17:05:13] [INFO ] [Thread 139718885214144] [Scalar Reactor] Saved Reactor Settings Successfully.
[2026-03-14 17:05:13] [DEBUG] [Thread 139718885214144] [Dispatcher] Executed Scalar Reaction: OpCode=0x5
[2026-03-14 17:05:13] [INFO ] [Thread 139718885214144] New {Jade<"2D", 64-bit; 500000Bytes> (1000,50)} Filled with 1.000000's.
[2026-03-14 17:05:13] [INFO ] [Thread 139718885214144] Copied {Jade<"3D", 64-bit; 10000000Bytes> (10,100,1000)} Into {Jade<"3D", 64-bit; 10000000Bytes> (10,100,1000)}
[2026-03-14 17:05:13] [INFO ] [Thread 139718885214144] Copied {Jade<"2D", 64-bit; 500000Bytes> (1000,50)} Into {Jade<"2D", 64-bit; 500000Bytes> (1000,50)}
[2026-03-14 17:05:13] [DEBUG] [Thread 139718885214144] [CPU Allocator] Allocated Memory: fulfilled the requested 500000 B. 
[2026-03-14 17:05:13] [INFO ] [Thread 139718885214144] [Storage] Storage Alloc: 500000 B on Hardware[1]
[2026-03-14 17:05:13] [INFO ] [Thread 139718885214144] New {Jade<"3D", 64-bit; 500000Bytes> (10,100,50)} Filled with 0.000000's.
[2026-03-14 17:05:13] [INFO ] [Thread 139718885214144] [MatMul Reactor] Saved Reactor Settings Successfully.
[2026-03-14 17:05:13] [INFO ] [Thread 139718885214144] [CPU Invoker] Performing Contiguous Jade MatMul Reaction. Reactor Ndims 3.
[2026-03-14 17:05:13] [DEBUG] [Thread 139718885214144] [Dispatcher] Executed Binary Reaction: OpCode=0x4
[2026-03-14 17:05:13] [DEBUG] [Thread 139718885214144] [CPU Allocator] Allocated Memory: fulfilled the requested 500000 B. 
[2026-03-14 17:05:13] [INFO ] [Thread 139718885214144] [Storage] Storage Alloc: 500000 B on Hardware[1]
[2026-03-14 17:05:13] [DEBUG] [Thread 139718885214144] [Scalar Reactor] Shape (10, 100, 50) --> Shape (50000).

[2026-03-14 17:05:13] [INFO ] [Thread 139718885214144] [Scalar Reactor] New ndims: 1.
[2026-03-14 17:05:13] [INFO ] [Thread 139718885214144] [Scalar Reactor] Saved Reactor Settings Successfully.
[2026-03-14 17:05:13] [DEBUG] [Thread 139718885214144] [Dispatcher] Executed Scalar Reaction: OpCode=0x5
[2026-03-14 17:05:13] [INFO ] [Thread 139718885214144] New {Jade<"3D", 64-bit; 500000Bytes> (10,100,50)} Filled with 5.500000's.
[2026-03-14 17:05:13] [DEBUG] [Thread 139718885214144] [Binary Reactor] Shape (10, 100, 50) [+] Shape (10, 100, 50)  --> Shape (50000).
[2026-03-14 17:05:13] [INFO ] [Thread 139718885214144] [Binary Reactor] New ndims: 1.
[2026-03-14 17:05:13] [INFO ] [Thread 139718885214144] [Binary Reactor] Saved Reactor Settings Successfully.
[2026-03-14 17:05:13] [INFO ] [Thread 139718885214144] [CPU Invoker] Performing Contiguous Jade Binary Reaction. Reactor Ndims=1.
[2026-03-14 17:05:13] [DEBUG] [Thread 139718885214144] [Dispatcher] Executed Binary Reaction: OpCode=0x6
[2026-03-14 17:05:13] [DEBUG] [Thread 139718885214144] [CPU Allocator] Deallocated Memory.
[2026-03-14 17:05:13] [INFO ] [Thread 139718885214144] [Storage] Storage Freed. 0B
[2026-03-14 17:05:13] [DEBUG] [Thread 139718885214144] [CPU Allocator] Allocated Memory: fulfilled the requested 32 B. 
[2026-03-14 17:05:13] [INFO ] [Thread 139718885214144] [Storage] Storage Alloc: 32 B on Hardware[1]
[2026-03-14 17:05:13] [INFO ] [Thread 139718885214144] New {Jade<"1D", 64-bit; 32Bytes> (1)} Filled with 0.000000's.
[2026-03-14 17:05:13] [DEBUG] [Thread 139718885214144] [Dispatcher] Executed Unary Reduction Reaction: OpCode=0xf
[2026-03-14 17:05:13] [INFO ] [Thread 139718885214144] Copied {Jade<"3D", 64-bit; 500000Bytes> (10,100,50)} Into {Jade<"3D", 64-bit; 500000Bytes> (10,100,50)}
[2026-03-14 17:05:13] [INFO ] [Thread 139718885214144] Transposed {Jade<"3D", 64-bit; 500000Bytes> (10,100,50)} into {Jade<"3D", 64-bit; 500000Bytes> (50,100,10)}.
[2026-03-14 17:05:13] [INFO ] [Thread 139718885214144] Reshaped Jade from {Jade<"3D", 64-bit; 500000Bytes> (50,100,10)} Into {Jade<"1D", 64-bit; 500000Bytes> (50000)}
[2026-03-14 17:05:13] [DEBUG] [Thread 139718885214144] [CPU Allocator] Allocated Memory: fulfilled the requested 32 B. 
[2026-03-14 17:05:13] [INFO ] [Thread 139718885214144] [Storage] Storage Alloc: 32 B on Hardware[1]
[2026-03-14 17:05:13] [INFO ] [Thread 139718885214144] New {Jade<"1D", 64-bit; 32Bytes> (1)} Filled with 0.000000's.
[2026-03-14 17:05:13] [DEBUG] [Thread 139718885214144] [Dispatcher] Executed Unary Reduction Reaction: OpCode=0x13
[2026-03-14 17:05:13] [DEBUG] [Thread 139718885214144] [CPU Allocator] Deallocated Memory.
[2026-03-14 17:05:13] [INFO ] [Thread 139718885214144] [Storage] Storage Freed. 0B
[2026-03-14 17:05:13] [DEBUG] [Thread 139718885214144] [CPU Allocator] Deallocated Memory.
[2026-03-14 17:05:13] [INFO ] [Thread 139718885214144] [Storage] Storage Freed. 0B
[2026-03-14 17:05:13] [DEBUG] [Thread 139718885214144] [CPU Allocator] Deallocated Memory.
[2026-03-14 17:05:13] [INFO ] [Thread 139718885214144] [Storage] Storage Freed. 0B
[2026-03-14 17:05:13] [DEBUG] [Thread 139718885214144] [CPU Allocator] Deallocated Memory.
[2026-03-14 17:05:13] [INFO ] [Thread 139718885214144] [Storage] Storage Freed. 0B
[2026-03-14 17:05:13] [DEBUG] [Thread 139718885214144] [CPU Allocator] Deallocated Memory.
[2026-03-14 17:05:13] [INFO ] [Thread 139718885214144] [Storage] Storage Freed. 0B

==================================================
[SYSTEM] Execution Terminated. Telemetry Summary:
  -> FATAL : 0
  -> ERROR : 0
  -> WARN  : 0
  -> INFO  : 415
  -> DEBUG : 276
==================================================

